Using pre-set license
Built from '2021.3/staging' branch; Version is '2021.3.0f1 (6eacc8284459) revision 7253192'; Using compiler version '192829333'; Build Type 'Release'
OS: 'Windows 10  (10.0.19043) 64bit CoreSingleLanguage' Language: 'ru' Physical Memory: 16316 MB
BatchMode: 1, IsHumanControllingUs: 0, StartBugReporterOnCrash: 0, Is64bit: 1, IsPro: 1

COMMAND LINE ARGUMENTS:
D:\UnityEditor\2021.3.0f1\Editor\Unity.exe
-adb2
-batchMode
-noUpm
-name
AssetImportWorker0
-projectPath
D:/UnityProjects/Speedrunner
-logFile
Logs/AssetImportWorker0.log
-srvPort
57026
Successfully changed project path to: D:/UnityProjects/Speedrunner
D:/UnityProjects/Speedrunner
[UnityMemory] Configuration Parameters - Can be set up in boot.config
    "memorysetup-bucket-allocator-granularity=16"
    "memorysetup-bucket-allocator-bucket-count=8"
    "memorysetup-bucket-allocator-block-size=33554432"
    "memorysetup-bucket-allocator-block-count=8"
    "memorysetup-main-allocator-block-size=16777216"
    "memorysetup-thread-allocator-block-size=16777216"
    "memorysetup-gfx-main-allocator-block-size=16777216"
    "memorysetup-gfx-thread-allocator-block-size=16777216"
    "memorysetup-cache-allocator-block-size=4194304"
    "memorysetup-typetree-allocator-block-size=2097152"
    "memorysetup-profiler-bucket-allocator-granularity=16"
    "memorysetup-profiler-bucket-allocator-bucket-count=8"
    "memorysetup-profiler-bucket-allocator-block-size=33554432"
    "memorysetup-profiler-bucket-allocator-block-count=8"
    "memorysetup-profiler-allocator-block-size=16777216"
    "memorysetup-profiler-editor-allocator-block-size=1048576"
    "memorysetup-temp-allocator-size-main=16777216"
    "memorysetup-job-temp-allocator-block-size=2097152"
    "memorysetup-job-temp-allocator-block-size-background=1048576"
    "memorysetup-job-temp-allocator-reduction-small-platforms=262144"
    "memorysetup-temp-allocator-size-background-worker=32768"
    "memorysetup-temp-allocator-size-job-worker=262144"
    "memorysetup-temp-allocator-size-preload-manager=33554432"
    "memorysetup-temp-allocator-size-nav-mesh-worker=65536"
    "memorysetup-temp-allocator-size-audio-worker=65536"
    "memorysetup-temp-allocator-size-cloud-worker=32768"
    "memorysetup-temp-allocator-size-gi-baking-worker=262144"
    "memorysetup-temp-allocator-size-gfx=262144"
Refreshing native plugins compatible for Editor in 72.27 ms, found 2 plugins.
Preloading 0 native plugins for Editor in 0.00 ms.
Initialize engine version: 2021.3.0f1 (6eacc8284459)
[Subsystems] Discovering subsystems at path D:/UnityEditor/2021.3.0f1/Editor/Data/Resources/UnitySubsystems
[Subsystems] Discovering subsystems at path D:/UnityProjects/Speedrunner/Assets
GfxDevice: creating device client; threaded=0; jobified=0
Direct3D:
    Version:  Direct3D 11.0 [level 11.1]
    Renderer: NVIDIA GeForce GTX 1050 Ti (ID=0x1c82)
    Vendor:   NVIDIA
    VRAM:     4018 MB
    Driver:   30.0.14.9709
Initialize mono
Mono path[0] = 'D:/UnityEditor/2021.3.0f1/Editor/Data/Managed'
Mono path[1] = 'D:/UnityEditor/2021.3.0f1/Editor/Data/MonoBleedingEdge/lib/mono/unityjit-win32'
Mono config path = 'D:/UnityEditor/2021.3.0f1/Editor/Data/MonoBleedingEdge/etc'
Using monoOptions --debugger-agent=transport=dt_socket,embedding=1,server=y,suspend=n,address=127.0.0.1:56664
Begin MonoManager ReloadAssembly
Registering precompiled unity dll's ...
Register platform support module: D:/UnityEditor/2021.3.0f1/Editor/Data/PlaybackEngines/WindowsStandaloneSupport/UnityEditor.WindowsStandalone.Extensions.dll
Registered in 0.002724 seconds.
Native extension for WindowsStandalone target not found
Refreshing native plugins compatible for Editor in 71.27 ms, found 2 plugins.
Preloading 0 native plugins for Editor in 0.00 ms.
Mono: successfully reloaded assembly
- Completed reload, in  0.688 seconds
Domain Reload Profiling:
	ReloadAssembly (689ms)
		BeginReloadAssembly (122ms)
			ExecutionOrderSort (0ms)
			DisableScriptedObjects (0ms)
			BackupInstance (0ms)
			ReleaseScriptingObjects (0ms)
			CreateAndSetChildDomain (1ms)
		EndReloadAssembly (459ms)
			LoadAssemblies (121ms)
			RebuildTransferFunctionScriptingTraits (0ms)
			SetupTypeCache (107ms)
			ReleaseScriptCaches (0ms)
			RebuildScriptCaches (29ms)
			SetupLoadedEditorAssemblies (271ms)
				LogAssemblyErrors (0ms)
				InitializePlatformSupportModulesInManaged (8ms)
				SetLoadedEditorAssemblies (0ms)
				RefreshPlugins (71ms)
				BeforeProcessingInitializeOnLoad (1ms)
				ProcessInitializeOnLoadAttributes (141ms)
				ProcessInitializeOnLoadMethodAttributes (49ms)
				AfterProcessingInitializeOnLoad (0ms)
				EditorAssembliesLoaded (0ms)
			ExecutionOrderSort2 (0ms)
			AwakeInstancesAfterBackupRestoration (0ms)
Platform modules already initialized, skipping
Registering precompiled user dll's ...
Registered in 0.003492 seconds.
Begin MonoManager ReloadAssembly
Symbol file LoadedFromMemory is not a mono symbol file
Native extension for WindowsStandalone target not found
Refreshing native plugins compatible for Editor in 78.42 ms, found 2 plugins.
Preloading 0 native plugins for Editor in 0.00 ms.
Mono: successfully reloaded assembly
- Completed reload, in  1.536 seconds
Domain Reload Profiling:
	ReloadAssembly (1537ms)
		BeginReloadAssembly (114ms)
			ExecutionOrderSort (0ms)
			DisableScriptedObjects (6ms)
			BackupInstance (0ms)
			ReleaseScriptingObjects (0ms)
			CreateAndSetChildDomain (21ms)
		EndReloadAssembly (1284ms)
			LoadAssemblies (101ms)
			RebuildTransferFunctionScriptingTraits (0ms)
			SetupTypeCache (254ms)
			ReleaseScriptCaches (1ms)
			RebuildScriptCaches (81ms)
			SetupLoadedEditorAssemblies (781ms)
				LogAssemblyErrors (0ms)
				InitializePlatformSupportModulesInManaged (4ms)
				SetLoadedEditorAssemblies (0ms)
				RefreshPlugins (79ms)
				BeforeProcessingInitializeOnLoad (98ms)
				ProcessInitializeOnLoadAttributes (513ms)
				ProcessInitializeOnLoadMethodAttributes (84ms)
				AfterProcessingInitializeOnLoad (3ms)
				EditorAssembliesLoaded (0ms)
			ExecutionOrderSort2 (0ms)
			AwakeInstancesAfterBackupRestoration (15ms)
Platform modules already initialized, skipping
========================================================================
Worker process is ready to serve import requests
Launched and connected shader compiler UnityShaderCompiler.exe after 0.19 seconds
Refreshing native plugins compatible for Editor in 0.88 ms, found 2 plugins.
Preloading 0 native plugins for Editor in 0.00 ms.
Unloading 3980 Unused Serialized files (Serialized files now loaded: 0)
Unloading 170 unused Assets / (0.8 MB). Loaded Objects now: 4449.
Memory consumption went from 204.6 MB to 203.9 MB.
Total: 7.668000 ms (FindLiveObjects: 0.422700 ms CreateObjectMapping: 0.287100 ms MarkObjects: 6.412500 ms  DeleteObjects: 0.544100 ms)

AssetImportParameters requested are different than current active one (requested -> active):
  custom:video-decoder-ogg-theora: a1e56fd34408186e4bbccfd4996cb3dc -> 
  custom:container-muxer-webm: aa71ff27fc2769a1b78a27578f13a17b -> 
  custom:container-demuxer-webm: 4f35f7cbe854078d1ac9338744f61a02 -> 
  custom:video-encoder-webm-vp8: eb34c28f22e8b96e1ab97ce403110664 -> 
  custom:audio-encoder-webm-vorbis: bf7c407c2cedff20999df2af8eb42d56 -> 
  custom:framework-win-MediaFoundation: 216162199b28c13a410421893ffa2e32 -> 
  custom:container-demuxer-ogg: 62fdf1f143b41e24485cea50d1cbac27 -> 
  custom:video-decoder-webm-vp8: 9c59270c3fd7afecdb556c50c9e8de78 -> 
  custom:audio-decoder-ogg-vorbis: bf7c407c2cedff20999df2af8eb42d56 -> 
========================================================================
Received Import Request.
  Time since last request: 1204163.902910 seconds.
  path: Assets/Scripts/TitleFix.cs
  artifactKey: Guid(6f43d649db8a7d240ba782a2f2198a19) Importer(815301076,1909f56bfc062723c751e8b465ee728b)
Start importing Assets/Scripts/TitleFix.cs using Guid(6f43d649db8a7d240ba782a2f2198a19) Importer(815301076,1909f56bfc062723c751e8b465ee728b)  -> (artifact id: '8f83ccef5e61b3041d5972d0c4251c7c') in 0.094329 seconds 
========================================================================
Received Import Request.
  Time since last request: 43.937302 seconds.
  path: Assets/Scripts/TitleFix.cs
  artifactKey: Guid(6f43d649db8a7d240ba782a2f2198a19) Importer(815301076,1909f56bfc062723c751e8b465ee728b)
Start importing Assets/Scripts/TitleFix.cs using Guid(6f43d649db8a7d240ba782a2f2198a19) Importer(815301076,1909f56bfc062723c751e8b465ee728b)  -> (artifact id: '1eca69c9c63173a1c26f2c0ce4582549') in 0.001821 seconds 
========================================================================
Received Import Request.
  Time since last request: 5.835134 seconds.
  path: Assets/Scripts/TitleFix.cs
  artifactKey: Guid(6f43d649db8a7d240ba782a2f2198a19) Importer(815301076,1909f56bfc062723c751e8b465ee728b)
Start importing Assets/Scripts/TitleFix.cs using Guid(6f43d649db8a7d240ba782a2f2198a19) Importer(815301076,1909f56bfc062723c751e8b465ee728b)  -> (artifact id: '560faa2cef965818c05238b5a1ba1846') in 0.002429 seconds 
========================================================================
Received Prepare
Registering precompiled user dll's ...
Registered in 0.003498 seconds.
Begin MonoManager ReloadAssembly
Symbol file LoadedFromMemory is not a mono symbol file
Native extension for WindowsStandalone target not found
Refreshing native plugins compatible for Editor in 0.80 ms, found 2 plugins.
Preloading 0 native plugins for Editor in 0.00 ms.
Warning: Annotation not found!
UnityEngine.StackTraceUtility:ExtractStackTrace ()
UnityEditor.ProBuilder.EditorUtility:SetGizmoIconEnabled (System.Type,bool) (at Library/PackageCache/com.unity.probuilder@5.0.3/Editor/EditorCore/EditorUtility.cs:575)
UnityEditor.ProBuilder.HierarchyListener:.cctor () (at Library/PackageCache/com.unity.probuilder@5.0.3/Editor/EditorCore/HierarchyListener.cs:21)
System.Runtime.CompilerServices.RuntimeHelpers:RunClassConstructor (System.RuntimeTypeHandle)
UnityEditor.EditorAssemblies:ProcessInitializeOnLoadAttributes (System.Type[])

[Library/PackageCache/com.unity.probuilder@5.0.3/Editor/EditorCore/EditorUtility.cs line 575]

Mono: successfully reloaded assembly
- Completed reload, in  1.113 seconds
Domain Reload Profiling:
	ReloadAssembly (1113ms)
		BeginReloadAssembly (133ms)
			ExecutionOrderSort (0ms)
			DisableScriptedObjects (6ms)
			BackupInstance (0ms)
			ReleaseScriptingObjects (0ms)
			CreateAndSetChildDomain (36ms)
		EndReloadAssembly (877ms)
			LoadAssemblies (96ms)
			RebuildTransferFunctionScriptingTraits (0ms)
			SetupTypeCache (232ms)
			ReleaseScriptCaches (1ms)
			RebuildScriptCaches (50ms)
			SetupLoadedEditorAssemblies (451ms)
				LogAssemblyErrors (0ms)
				InitializePlatformSupportModulesInManaged (11ms)
				SetLoadedEditorAssemblies (1ms)
				RefreshPlugins (1ms)
				BeforeProcessingInitializeOnLoad (65ms)
				ProcessInitializeOnLoadAttributes (287ms)
				ProcessInitializeOnLoadMethodAttributes (84ms)
				AfterProcessingInitializeOnLoad (3ms)
				EditorAssembliesLoaded (0ms)
			ExecutionOrderSort2 (0ms)
			AwakeInstancesAfterBackupRestoration (9ms)
Platform modules already initialized, skipping
Refreshing native plugins compatible for Editor in 1.97 ms, found 2 plugins.
Preloading 0 native plugins for Editor in 0.00 ms.
Unloading 3798 Unused Serialized files (Serialized files now loaded: 0)
Unloading 21 unused Assets / (0.8 MB). Loaded Objects now: 4464.
Memory consumption went from 191.4 MB to 190.6 MB.
Total: 3.993200 ms (FindLiveObjects: 0.446500 ms CreateObjectMapping: 0.214500 ms MarkObjects: 2.860300 ms  DeleteObjects: 0.470400 ms)

AssetImportParameters requested are different than current active one (requested -> active):
  custom:video-decoder-ogg-theora: a1e56fd34408186e4bbccfd4996cb3dc -> 
  custom:container-muxer-webm: aa71ff27fc2769a1b78a27578f13a17b -> 
  custom:container-demuxer-webm: 4f35f7cbe854078d1ac9338744f61a02 -> 
  custom:video-encoder-webm-vp8: eb34c28f22e8b96e1ab97ce403110664 -> 
  custom:audio-encoder-webm-vorbis: bf7c407c2cedff20999df2af8eb42d56 -> 
  custom:framework-win-MediaFoundation: 216162199b28c13a410421893ffa2e32 -> 
  custom:container-demuxer-ogg: 62fdf1f143b41e24485cea50d1cbac27 -> 
  custom:video-decoder-webm-vp8: 9c59270c3fd7afecdb556c50c9e8de78 -> 
  custom:audio-decoder-ogg-vorbis: bf7c407c2cedff20999df2af8eb42d56 -> 
========================================================================
Received Prepare
Registering precompiled user dll's ...
Registered in 0.003349 seconds.
Begin MonoManager ReloadAssembly
Symbol file LoadedFromMemory is not a mono symbol file
Native extension for WindowsStandalone target not found
Refreshing native plugins compatible for Editor in 0.81 ms, found 2 plugins.
Preloading 0 native plugins for Editor in 0.00 ms.
Warning: Annotation not found!
UnityEngine.StackTraceUtility:ExtractStackTrace ()
UnityEditor.ProBuilder.EditorUtility:SetGizmoIconEnabled (System.Type,bool) (at Library/PackageCache/com.unity.probuilder@5.0.3/Editor/EditorCore/EditorUtility.cs:575)
UnityEditor.ProBuilder.HierarchyListener:.cctor () (at Library/PackageCache/com.unity.probuilder@5.0.3/Editor/EditorCore/HierarchyListener.cs:21)
System.Runtime.CompilerServices.RuntimeHelpers:RunClassConstructor (System.RuntimeTypeHandle)
UnityEditor.EditorAssemblies:ProcessInitializeOnLoadAttributes (System.Type[])

[Library/PackageCache/com.unity.probuilder@5.0.3/Editor/EditorCore/EditorUtility.cs line 575]

Mono: successfully reloaded assembly
- Completed reload, in  1.113 seconds
Domain Reload Profiling:
	ReloadAssembly (1113ms)
		BeginReloadAssembly (130ms)
			ExecutionOrderSort (0ms)
			DisableScriptedObjects (5ms)
			BackupInstance (0ms)
			ReleaseScriptingObjects (0ms)
			CreateAndSetChildDomain (34ms)
		EndReloadAssembly (893ms)
			LoadAssemblies (85ms)
			RebuildTransferFunctionScriptingTraits (0ms)
			SetupTypeCache (229ms)
			ReleaseScriptCaches (1ms)
			RebuildScriptCaches (55ms)
			SetupLoadedEditorAssemblies (474ms)
				LogAssemblyErrors (0ms)
				InitializePlatformSupportModulesInManaged (10ms)
				SetLoadedEditorAssemblies (0ms)
				RefreshPlugins (1ms)
				BeforeProcessingInitializeOnLoad (65ms)
				ProcessInitializeOnLoadAttributes (310ms)
				ProcessInitializeOnLoadMethodAttributes (84ms)
				AfterProcessingInitializeOnLoad (3ms)
				EditorAssembliesLoaded (0ms)
			ExecutionOrderSort2 (0ms)
			AwakeInstancesAfterBackupRestoration (13ms)
Platform modules already initialized, skipping
Refreshing native plugins compatible for Editor in 2.96 ms, found 2 plugins.
Preloading 0 native plugins for Editor in 0.00 ms.
Unloading 3798 Unused Serialized files (Serialized files now loaded: 0)
Unloading 21 unused Assets / (0.7 MB). Loaded Objects now: 4479.
Memory consumption went from 191.4 MB to 190.6 MB.
Total: 5.072600 ms (FindLiveObjects: 0.335700 ms CreateObjectMapping: 0.236200 ms MarkObjects: 4.076800 ms  DeleteObjects: 0.422700 ms)

AssetImportParameters requested are different than current active one (requested -> active):
  custom:video-decoder-ogg-theora: a1e56fd34408186e4bbccfd4996cb3dc -> 
  custom:container-muxer-webm: aa71ff27fc2769a1b78a27578f13a17b -> 
  custom:container-demuxer-webm: 4f35f7cbe854078d1ac9338744f61a02 -> 
  custom:video-encoder-webm-vp8: eb34c28f22e8b96e1ab97ce403110664 -> 
  custom:audio-encoder-webm-vorbis: bf7c407c2cedff20999df2af8eb42d56 -> 
  custom:framework-win-MediaFoundation: 216162199b28c13a410421893ffa2e32 -> 
  custom:container-demuxer-ogg: 62fdf1f143b41e24485cea50d1cbac27 -> 
  custom:video-decoder-webm-vp8: 9c59270c3fd7afecdb556c50c9e8de78 -> 
  custom:audio-decoder-ogg-vorbis: bf7c407c2cedff20999df2af8eb42d56 -> 
========================================================================
Received Prepare
Registering precompiled user dll's ...
Registered in 0.003093 seconds.
Begin MonoManager ReloadAssembly
Symbol file LoadedFromMemory is not a mono symbol file
Native extension for WindowsStandalone target not found
Refreshing native plugins compatible for Editor in 0.81 ms, found 2 plugins.
Preloading 0 native plugins for Editor in 0.00 ms.
Warning: Annotation not found!
UnityEngine.StackTraceUtility:ExtractStackTrace ()
UnityEditor.ProBuilder.EditorUtility:SetGizmoIconEnabled (System.Type,bool) (at Library/PackageCache/com.unity.probuilder@5.0.3/Editor/EditorCore/EditorUtility.cs:575)
UnityEditor.ProBuilder.HierarchyListener:.cctor () (at Library/PackageCache/com.unity.probuilder@5.0.3/Editor/EditorCore/HierarchyListener.cs:21)
System.Runtime.CompilerServices.RuntimeHelpers:RunClassConstructor (System.RuntimeTypeHandle)
UnityEditor.EditorAssemblies:ProcessInitializeOnLoadAttributes (System.Type[])

[Library/PackageCache/com.unity.probuilder@5.0.3/Editor/EditorCore/EditorUtility.cs line 575]

Mono: successfully reloaded assembly
- Completed reload, in  1.093 seconds
Domain Reload Profiling:
	ReloadAssembly (1093ms)
		BeginReloadAssembly (120ms)
			ExecutionOrderSort (0ms)
			DisableScriptedObjects (5ms)
			BackupInstance (0ms)
			ReleaseScriptingObjects (0ms)
			CreateAndSetChildDomain (31ms)
		EndReloadAssembly (887ms)
			LoadAssemblies (80ms)
			RebuildTransferFunctionScriptingTraits (0ms)
			SetupTypeCache (213ms)
			ReleaseScriptCaches (2ms)
			RebuildScriptCaches (54ms)
			SetupLoadedEditorAssemblies (485ms)
				LogAssemblyErrors (0ms)
				InitializePlatformSupportModulesInManaged (12ms)
				SetLoadedEditorAssemblies (1ms)
				RefreshPlugins (1ms)
				BeforeProcessingInitializeOnLoad (68ms)
				ProcessInitializeOnLoadAttributes (310ms)
				ProcessInitializeOnLoadMethodAttributes (90ms)
				AfterProcessingInitializeOnLoad (3ms)
				EditorAssembliesLoaded (0ms)
			ExecutionOrderSort2 (0ms)
			AwakeInstancesAfterBackupRestoration (9ms)
Platform modules already initialized, skipping
Refreshing native plugins compatible for Editor in 1.90 ms, found 2 plugins.
Preloading 0 native plugins for Editor in 0.00 ms.
Unloading 3798 Unused Serialized files (Serialized files now loaded: 0)
Unloading 21 unused Assets / (0.8 MB). Loaded Objects now: 4494.
Memory consumption went from 191.4 MB to 190.7 MB.
Total: 5.018800 ms (FindLiveObjects: 0.383500 ms CreateObjectMapping: 0.346700 ms MarkObjects: 3.806300 ms  DeleteObjects: 0.481100 ms)

AssetImportParameters requested are different than current active one (requested -> active):
  custom:video-decoder-ogg-theora: a1e56fd34408186e4bbccfd4996cb3dc -> 
  custom:container-muxer-webm: aa71ff27fc2769a1b78a27578f13a17b -> 
  custom:container-demuxer-webm: 4f35f7cbe854078d1ac9338744f61a02 -> 
  custom:video-encoder-webm-vp8: eb34c28f22e8b96e1ab97ce403110664 -> 
  custom:audio-encoder-webm-vorbis: bf7c407c2cedff20999df2af8eb42d56 -> 
  custom:framework-win-MediaFoundation: 216162199b28c13a410421893ffa2e32 -> 
  custom:container-demuxer-ogg: 62fdf1f143b41e24485cea50d1cbac27 -> 
  custom:video-decoder-webm-vp8: 9c59270c3fd7afecdb556c50c9e8de78 -> 
  custom:audio-decoder-ogg-vorbis: bf7c407c2cedff20999df2af8eb42d56 -> 
========================================================================
Received Import Request.
  Time since last request: 670.207498 seconds.
  path: Assets/Scenes/MainMenu.unity
  artifactKey: Guid(d1d9e39c8acef8e498e5cb9ed012a17e) Importer(815301076,1909f56bfc062723c751e8b465ee728b)
Start importing Assets/Scenes/MainMenu.unity using Guid(d1d9e39c8acef8e498e5cb9ed012a17e) Importer(815301076,1909f56bfc062723c751e8b465ee728b)  -> (artifact id: 'cd0912292f503cef8d2837ca0426c44a') in 0.010231 seconds 
========================================================================
Received Import Request.
  Time since last request: 17.059682 seconds.
  path: Assets/Prefabs/Canvas.prefab
  artifactKey: Guid(86623b1933f222844ae4ac8568a357cb) Importer(815301076,1909f56bfc062723c751e8b465ee728b)
Start importing Assets/Prefabs/Canvas.prefab using Guid(86623b1933f222844ae4ac8568a357cb) Importer(815301076,1909f56bfc062723c751e8b465ee728b)  -> (artifact id: 'daba89cab951e8f3bbd6c1a5bb14fa36') in 0.449100 seconds 
========================================================================
Received Import Request.
  Time since last request: 0.000026 seconds.
  path: Assets/Prefabs/Player.prefab
  artifactKey: Guid(6f38ff1b85598a34f8704300c998681b) Importer(815301076,1909f56bfc062723c751e8b465ee728b)
Start importing Assets/Prefabs/Player.prefab using Guid(6f38ff1b85598a34f8704300c998681b) Importer(815301076,1909f56bfc062723c751e8b465ee728b)  -> (artifact id: '0fbc7c77608e68d64ea01e5726ed7307') in 0.417842 seconds 
========================================================================
Received Import Request.
  Time since last request: 1.028591 seconds.
  path: Assets/Prefabs/UiCamera.prefab
  artifactKey: Guid(edf605e3d05eef44fb26ddc441830236) Importer(815301076,1909f56bfc062723c751e8b465ee728b)
Start importing Assets/Prefabs/UiCamera.prefab using Guid(edf605e3d05eef44fb26ddc441830236) Importer(815301076,1909f56bfc062723c751e8b465ee728b)  -> (artifact id: '12fd0ed78fc3cb2aaf394c73c29671b2') in 0.008159 seconds 
========================================================================
Received Import Request.
  Time since last request: 4.411322 seconds.
  path: Assets/Scenes/Title.unity
  artifactKey: Guid(997b1b1651ae8064eaf19e706e28ad3c) Importer(815301076,1909f56bfc062723c751e8b465ee728b)
Start importing Assets/Scenes/Title.unity using Guid(997b1b1651ae8064eaf19e706e28ad3c) Importer(815301076,1909f56bfc062723c751e8b465ee728b)  -> (artifact id: '0babacecef71a15f136b6df02a0c4047') in 0.006957 seconds 
========================================================================
Received Import Request.
  Time since last request: 30.776704 seconds.
  path: Assets/Prefabs/UiCamera.prefab
  artifactKey: Guid(edf605e3d05eef44fb26ddc441830236) Importer(815301076,1909f56bfc062723c751e8b465ee728b)
Start importing Assets/Prefabs/UiCamera.prefab using Guid(edf605e3d05eef44fb26ddc441830236) Importer(815301076,1909f56bfc062723c751e8b465ee728b)  -> (artifact id: '5c76082aafe2930bdf3ecbc271fd2d32') in 0.004466 seconds 
========================================================================
Received Import Request.
  Time since last request: 75.025319 seconds.
  path: Assets/Fantasy Skybox FREE/Panoramics/FS002/FS002_Day.mat
  artifactKey: Guid(9ca22510633fbfd4399f1704cd9d5c72) Importer(815301076,1909f56bfc062723c751e8b465ee728b)
Start importing Assets/Fantasy Skybox FREE/Panoramics/FS002/FS002_Day.mat using Guid(9ca22510633fbfd4399f1704cd9d5c72) Importer(815301076,1909f56bfc062723c751e8b465ee728b)  -> (artifact id: '095f2b694059190d2daea48a28ec5129') in 0.088928 seconds 
========================================================================
Received Import Request.
  Time since last request: 0.000027 seconds.
  path: Assets/Fantasy Skybox FREE/Cubemaps/FS002/FS002_Rainy_Cubemap.mat
  artifactKey: Guid(d4e34faecb9b9564e941b0a4236003c7) Importer(815301076,1909f56bfc062723c751e8b465ee728b)
Start importing Assets/Fantasy Skybox FREE/Cubemaps/FS002/FS002_Rainy_Cubemap.mat using Guid(d4e34faecb9b9564e941b0a4236003c7) Importer(815301076,1909f56bfc062723c751e8b465ee728b)  -> (artifact id: '0dd964c7c93cac6d810cb01a6182aad8') in 0.348921 seconds 
========================================================================
Received Import Request.
  Time since last request: 0.000030 seconds.
  path: Assets/Fantasy Skybox FREE/Panoramics/FS002/FS002_Day_Sunless.mat
  artifactKey: Guid(67950864b84c5db4f9eee7ca51c85571) Importer(815301076,1909f56bfc062723c751e8b465ee728b)
Start importing Assets/Fantasy Skybox FREE/Panoramics/FS002/FS002_Day_Sunless.mat using Guid(67950864b84c5db4f9eee7ca51c85571) Importer(815301076,1909f56bfc062723c751e8b465ee728b)  -> (artifact id: '063ce134390e938cfe7c0b02cc57c3af') in 0.094508 seconds 
========================================================================
Received Import Request.
  Time since last request: 0.000030 seconds.
  path: Assets/Fantasy Skybox FREE/Cubemaps/FS002/FS002_Day_Sunless_Cubemap.mat
  artifactKey: Guid(1dfc2aa9d900889499587bd874c3da56) Importer(815301076,1909f56bfc062723c751e8b465ee728b)
Start importing Assets/Fantasy Skybox FREE/Cubemaps/FS002/FS002_Day_Sunless_Cubemap.mat using Guid(1dfc2aa9d900889499587bd874c3da56) Importer(815301076,1909f56bfc062723c751e8b465ee728b)  -> (artifact id: '5fcabbf30cc57c802efb4b899b2b1264') in 0.228976 seconds 
========================================================================
Received Import Request.
  Time since last request: 0.000027 seconds.
  path: Assets/Fantasy Skybox FREE/Cubemaps/FS002/FS002_Snowy_Cubemap.mat
  artifactKey: Guid(a3a02bda0a9032049ad25627480b5d20) Importer(815301076,1909f56bfc062723c751e8b465ee728b)
Start importing Assets/Fantasy Skybox FREE/Cubemaps/FS002/FS002_Snowy_Cubemap.mat using Guid(a3a02bda0a9032049ad25627480b5d20) Importer(815301076,1909f56bfc062723c751e8b465ee728b)  -> (artifact id: 'c5b11e42f52de8a657cc9fd8d5ec4143') in 0.432110 seconds 
========================================================================
Received Import Request.
  Time since last request: 0.000032 seconds.
  path: Assets/Fantasy Skybox FREE/Cubemaps/FS002/FS002_Sunrise_Cubemap.mat
  artifactKey: Guid(eb8fd6bd252589744b602770b09ccbd7) Importer(815301076,1909f56bfc062723c751e8b465ee728b)
Start importing Assets/Fantasy Skybox FREE/Cubemaps/FS002/FS002_Sunrise_Cubemap.mat using Guid(eb8fd6bd252589744b602770b09ccbd7) Importer(815301076,1909f56bfc062723c751e8b465ee728b)  -> (artifact id: '3555b4db73f99241ea056a94495bc861') in 0.293431 seconds 
========================================================================
Received Import Request.
  Time since last request: 0.000028 seconds.
  path: Assets/Fantasy Skybox FREE/Cubemaps/FS002/FS002_Day_Cubemap.mat
  artifactKey: Guid(94d852a7748a347489661febea5eafc6) Importer(815301076,1909f56bfc062723c751e8b465ee728b)
Start importing Assets/Fantasy Skybox FREE/Cubemaps/FS002/FS002_Day_Cubemap.mat using Guid(94d852a7748a347489661febea5eafc6) Importer(815301076,1909f56bfc062723c751e8b465ee728b)  -> (artifact id: '6348a1e9a5cab9bd92fb00108d41fb93') in 0.419969 seconds 
========================================================================
Received Import Request.
  Time since last request: 0.000045 seconds.
  path: Assets/Fantasy Skybox FREE/Panoramics/FS002/FS002_Sunset.mat
  artifactKey: Guid(44d0573bf6d91e447b62f3aff840f2ae) Importer(815301076,1909f56bfc062723c751e8b465ee728b)
Start importing Assets/Fantasy Skybox FREE/Panoramics/FS002/FS002_Sunset.mat using Guid(44d0573bf6d91e447b62f3aff840f2ae) Importer(815301076,1909f56bfc062723c751e8b465ee728b)  -> (artifact id: 'c67b545262cbcb0e39290c8ba00046e2') in 0.072379 seconds 
========================================================================
Received Import Request.
  Time since last request: 0.000023 seconds.
  path: Assets/Fantasy Skybox FREE/Panoramics/FS003/FS003_Day.mat
  artifactKey: Guid(c051fe5a20f72814f9643eb10ebbd2fc) Importer(815301076,1909f56bfc062723c751e8b465ee728b)
Start importing Assets/Fantasy Skybox FREE/Panoramics/FS003/FS003_Day.mat using Guid(c051fe5a20f72814f9643eb10ebbd2fc) Importer(815301076,1909f56bfc062723c751e8b465ee728b)  -> (artifact id: '3391d96fadfd454b0a235a32503019b4') in 0.085883 seconds 
========================================================================
Received Import Request.
  Time since last request: 0.000023 seconds.
  path: Assets/Fantasy Skybox FREE/Cubemaps/FS003/FS003_Day_Sunless_Cubemap.mat
  artifactKey: Guid(400d8db5104338b428633f2079c1b88e) Importer(815301076,1909f56bfc062723c751e8b465ee728b)
Start importing Assets/Fantasy Skybox FREE/Cubemaps/FS003/FS003_Day_Sunless_Cubemap.mat using Guid(400d8db5104338b428633f2079c1b88e) Importer(815301076,1909f56bfc062723c751e8b465ee728b)  -> (artifact id: 'f70d568ddc169c6dfda4aaf485674163') in 0.263398 seconds 
========================================================================
Received Import Request.
  Time since last request: 0.000033 seconds.
  path: Assets/Fantasy Skybox FREE/Cubemaps/FS003/FS003_Day_Cubemap.mat
  artifactKey: Guid(4c12da8dc5dced74e838120da11725a0) Importer(815301076,1909f56bfc062723c751e8b465ee728b)
Start importing Assets/Fantasy Skybox FREE/Cubemaps/FS003/FS003_Day_Cubemap.mat using Guid(4c12da8dc5dced74e838120da11725a0) Importer(815301076,1909f56bfc062723c751e8b465ee728b)  -> (artifact id: '82f54a5b96f208723fd0bd80890b3063') in 0.234003 seconds 
========================================================================
Received Import Request.
  Time since last request: 0.000029 seconds.
  path: Assets/Fantasy Skybox FREE/Panoramics/FS002/FS002_Rainy.mat
  artifactKey: Guid(b5a27fa4b11bfb24cbc6daff3802c229) Importer(815301076,1909f56bfc062723c751e8b465ee728b)
Start importing Assets/Fantasy Skybox FREE/Panoramics/FS002/FS002_Rainy.mat using Guid(b5a27fa4b11bfb24cbc6daff3802c229) Importer(815301076,1909f56bfc062723c751e8b465ee728b)  -> (artifact id: '3f5a494b0757a78a9dd83ab79b53eba3') in 0.060516 seconds 
========================================================================
Received Import Request.
  Time since last request: 0.000026 seconds.
  path: Assets/Fantasy Skybox FREE/Panoramics/FS002/FS002_Sunrise.mat
  artifactKey: Guid(7c86d4abbd33b564b9e773aceadb8572) Importer(815301076,1909f56bfc062723c751e8b465ee728b)
Start importing Assets/Fantasy Skybox FREE/Panoramics/FS002/FS002_Sunrise.mat using Guid(7c86d4abbd33b564b9e773aceadb8572) Importer(815301076,1909f56bfc062723c751e8b465ee728b)  -> (artifact id: '48bd3dd9eeedd9c6ed5940a33ac6ba96') in 0.066979 seconds 
========================================================================
Received Import Request.
  Time since last request: 0.000028 seconds.
  path: Assets/Fantasy Skybox FREE/Panoramics/FS002/FS002_Snowy.mat
  artifactKey: Guid(7b0f2096b49ccfb4f8b47c8084d650fa) Importer(815301076,1909f56bfc062723c751e8b465ee728b)
Start importing Assets/Fantasy Skybox FREE/Panoramics/FS002/FS002_Snowy.mat using Guid(7b0f2096b49ccfb4f8b47c8084d650fa) Importer(815301076,1909f56bfc062723c751e8b465ee728b)  -> (artifact id: '59a9a4562611e5f2114bf93cf974c810') in 0.101769 seconds 
========================================================================
Received Import Request.
  Time since last request: 0.000031 seconds.
  path: Assets/Fantasy Skybox FREE/Cubemaps/FS002/FS002_Sunset_Cubemap.mat
  artifactKey: Guid(a59fe87939f259d40a7ee37624c9568b) Importer(815301076,1909f56bfc062723c751e8b465ee728b)
Start importing Assets/Fantasy Skybox FREE/Cubemaps/FS002/FS002_Sunset_Cubemap.mat using Guid(a59fe87939f259d40a7ee37624c9568b) Importer(815301076,1909f56bfc062723c751e8b465ee728b)  -> (artifact id: '516b79946d2eb3592280ff9743d0c3bc') in 0.332449 seconds 
========================================================================
Received Import Request.
  Time since last request: 0.000033 seconds.
  path: Assets/Fantasy Skybox FREE/Panoramics/FS003/FS003_Day_Sunless.mat
  artifactKey: Guid(0f1401d983cde1c49a7f687a57e62c5a) Importer(815301076,1909f56bfc062723c751e8b465ee728b)
Start importing Assets/Fantasy Skybox FREE/Panoramics/FS003/FS003_Day_Sunless.mat using Guid(0f1401d983cde1c49a7f687a57e62c5a) Importer(815301076,1909f56bfc062723c751e8b465ee728b)  -> (artifact id: '1bd01fa41816d5e3f7a4af2f287b2847') in 0.105172 seconds 
========================================================================
Received Import Request.
  Time since last request: 2.220059 seconds.
  path: Assets/Fantasy Skybox FREE/Panoramics/FS003/FS003_Rainy.mat
  artifactKey: Guid(e0a21ebc98cee4e46bbae873ec0be703) Importer(815301076,1909f56bfc062723c751e8b465ee728b)
Start importing Assets/Fantasy Skybox FREE/Panoramics/FS003/FS003_Rainy.mat using Guid(e0a21ebc98cee4e46bbae873ec0be703) Importer(815301076,1909f56bfc062723c751e8b465ee728b)  -> (artifact id: 'ab7f71c22f012a38ede83a5ac1d05995') in 0.095882 seconds 
========================================================================
Received Import Request.
  Time since last request: 0.000024 seconds.
  path: Assets/Fantasy Skybox FREE/Cubemaps/FS003/FS003_Snowy_Cubemap.mat
  artifactKey: Guid(4f0579e073abe59409641925c6e53e31) Importer(815301076,1909f56bfc062723c751e8b465ee728b)
Start importing Assets/Fantasy Skybox FREE/Cubemaps/FS003/FS003_Snowy_Cubemap.mat using Guid(4f0579e073abe59409641925c6e53e31) Importer(815301076,1909f56bfc062723c751e8b465ee728b)  -> (artifact id: 'a1baf19d7a1a24483076300984550fd1') in 0.315187 seconds 
========================================================================
Received Import Request.
  Time since last request: 0.000027 seconds.
  path: Assets/Fantasy Skybox FREE/Cubemaps/FS003/FS003_Sunrise_Cubemap.mat
  artifactKey: Guid(bdfc475e919710248bf14d75643fefd2) Importer(815301076,1909f56bfc062723c751e8b465ee728b)
Start importing Assets/Fantasy Skybox FREE/Cubemaps/FS003/FS003_Sunrise_Cubemap.mat using Guid(bdfc475e919710248bf14d75643fefd2) Importer(815301076,1909f56bfc062723c751e8b465ee728b)  -> (artifact id: 'c6601736e7a43b1a496337a0011199b3') in 0.291681 seconds 
========================================================================
Received Import Request.
  Time since last request: 0.000022 seconds.
  path: Assets/Fantasy Skybox FREE/Panoramics/FS013/FS013_Rainy.mat
  artifactKey: Guid(8426cf3d3939a7d419671f3d5c269c0b) Importer(815301076,1909f56bfc062723c751e8b465ee728b)
Start importing Assets/Fantasy Skybox FREE/Panoramics/FS013/FS013_Rainy.mat using Guid(8426cf3d3939a7d419671f3d5c269c0b) Importer(815301076,1909f56bfc062723c751e8b465ee728b)  -> (artifact id: '576bf014102af343988285e98821ea4e') in 0.110218 seconds 
========================================================================
Received Import Request.
  Time since last request: 0.000032 seconds.
  path: Assets/Fantasy Skybox FREE/Cubemaps/FS003/FS003_Sunset_Cubemap.mat
  artifactKey: Guid(f5dcd562bbe8e6741845a6ba29547444) Importer(815301076,1909f56bfc062723c751e8b465ee728b)
Start importing Assets/Fantasy Skybox FREE/Cubemaps/FS003/FS003_Sunset_Cubemap.mat using Guid(f5dcd562bbe8e6741845a6ba29547444) Importer(815301076,1909f56bfc062723c751e8b465ee728b)  -> (artifact id: 'bd9522f0bcbabdc145598c9fa4d46566') in 0.201224 seconds 
========================================================================
Received Import Request.
  Time since last request: 0.000024 seconds.
  path: Assets/Fantasy Skybox FREE/Cubemaps/FS013/FS013_Snowy_Cubemap.mat
  artifactKey: Guid(87567e7d36a377546a61db55aebf554c) Importer(815301076,1909f56bfc062723c751e8b465ee728b)
Start importing Assets/Fantasy Skybox FREE/Cubemaps/FS013/FS013_Snowy_Cubemap.mat using Guid(87567e7d36a377546a61db55aebf554c) Importer(815301076,1909f56bfc062723c751e8b465ee728b)  -> (artifact id: '50a459c544d23951ba62996fe090407b') in 0.246774 seconds 
========================================================================
Received Import Request.
  Time since last request: 0.000030 seconds.
  path: Assets/Fantasy Skybox FREE/Panoramics/FS013/FS013_Sunrise.mat
  artifactKey: Guid(3a253cab252a165478338fba0f03e63a) Importer(815301076,1909f56bfc062723c751e8b465ee728b)
Start importing Assets/Fantasy Skybox FREE/Panoramics/FS013/FS013_Sunrise.mat using Guid(3a253cab252a165478338fba0f03e63a) Importer(815301076,1909f56bfc062723c751e8b465ee728b)  -> (artifact id: 'aae5ddc3c8134cdf549d42a20d1084f7') in 0.093350 seconds 
========================================================================
Received Import Request.
  Time since last request: 0.000045 seconds.
  path: Assets/Fantasy Skybox FREE/Panoramics/FS013/FS013_Sunset.mat
  artifactKey: Guid(de1d750fefeeac642bf9b11a3978ccf5) Importer(815301076,1909f56bfc062723c751e8b465ee728b)
Start importing Assets/Fantasy Skybox FREE/Panoramics/FS013/FS013_Sunset.mat using Guid(de1d750fefeeac642bf9b11a3978ccf5) Importer(815301076,1909f56bfc062723c751e8b465ee728b)  -> (artifact id: 'd8f3a74f1631549021fa12e7c584875e') in 0.046838 seconds 
========================================================================
Received Import Request.
  Time since last request: 0.000023 seconds.
  path: Assets/Fantasy Skybox FREE/Cubemaps/FS013/FS013_Sunrise_Cubemap.mat
  artifactKey: Guid(f3b3f6a697514944da8524250aa64277) Importer(815301076,1909f56bfc062723c751e8b465ee728b)
Start importing Assets/Fantasy Skybox FREE/Cubemaps/FS013/FS013_Sunrise_Cubemap.mat using Guid(f3b3f6a697514944da8524250aa64277) Importer(815301076,1909f56bfc062723c751e8b465ee728b)  -> (artifact id: '0e3c12848f4d0f59439fa83d4ceca2c4') in 0.265410 seconds 
========================================================================
Received Import Request.
  Time since last request: 0.000024 seconds.
  path: Assets/Fantasy Skybox FREE/Cubemaps/FS013/FS013_Sunset_Cubemap.mat
  artifactKey: Guid(2b0ee035e6c540241b0977a4f54c7425) Importer(815301076,1909f56bfc062723c751e8b465ee728b)
Start importing Assets/Fantasy Skybox FREE/Cubemaps/FS013/FS013_Sunset_Cubemap.mat using Guid(2b0ee035e6c540241b0977a4f54c7425) Importer(815301076,1909f56bfc062723c751e8b465ee728b)  -> (artifact id: '416a591cb30561cbb42984d297fdee7f') in 0.298921 seconds 
========================================================================
Received Import Request.
  Time since last request: 0.000031 seconds.
  path: Assets/Fantasy Skybox FREE/Panoramics/FS017/FS017_Rainy.mat
  artifactKey: Guid(7a8675eb396637d43b4ba0a69cc715a5) Importer(815301076,1909f56bfc062723c751e8b465ee728b)
Start importing Assets/Fantasy Skybox FREE/Panoramics/FS017/FS017_Rainy.mat using Guid(7a8675eb396637d43b4ba0a69cc715a5) Importer(815301076,1909f56bfc062723c751e8b465ee728b)  -> (artifact id: 'a4c342583b9198e390dd1967c623e119') in 0.112914 seconds 
========================================================================
Received Import Request.
  Time since last request: 0.000034 seconds.
  path: Assets/Fantasy Skybox FREE/Panoramics/FS013/FS013_Day.mat
  artifactKey: Guid(8dd2f17b6e3f8174390967bc55ead836) Importer(815301076,1909f56bfc062723c751e8b465ee728b)
Start importing Assets/Fantasy Skybox FREE/Panoramics/FS013/FS013_Day.mat using Guid(8dd2f17b6e3f8174390967bc55ead836) Importer(815301076,1909f56bfc062723c751e8b465ee728b)  -> (artifact id: 'c17cf718df1c1913dc818a66753f1a6f') in 0.102542 seconds 
========================================================================
Received Import Request.
  Time since last request: 0.000058 seconds.
  path: Assets/Fantasy Skybox FREE/Cubemaps/FS017/FS017_Day_Cubemap.mat
  artifactKey: Guid(6075488e92597c9478c885b7b54674a3) Importer(815301076,1909f56bfc062723c751e8b465ee728b)
Start importing Assets/Fantasy Skybox FREE/Cubemaps/FS017/FS017_Day_Cubemap.mat using Guid(6075488e92597c9478c885b7b54674a3) Importer(815301076,1909f56bfc062723c751e8b465ee728b)  -> (artifact id: 'aaab4321979898562460fc87689cadac') in 0.302532 seconds 
========================================================================
Received Import Request.
  Time since last request: 0.000028 seconds.
  path: Assets/Fantasy Skybox FREE/Cubemaps/FS017/FS017_Sunrise_Cubemap.mat
  artifactKey: Guid(77874dbfcee9b034fb544786292018c3) Importer(815301076,1909f56bfc062723c751e8b465ee728b)
Start importing Assets/Fantasy Skybox FREE/Cubemaps/FS017/FS017_Sunrise_Cubemap.mat using Guid(77874dbfcee9b034fb544786292018c3) Importer(815301076,1909f56bfc062723c751e8b465ee728b)  -> (artifact id: 'c8cab499fbc561c5ed7e0be19c537f60') in 0.318935 seconds 
========================================================================
Received Import Request.
  Time since last request: 0.000023 seconds.
  path: Assets/Fantasy Skybox FREE/Panoramics/FS017/FS017_Sunrise.mat
  artifactKey: Guid(39d27e80110a983468075fd1868610d7) Importer(815301076,1909f56bfc062723c751e8b465ee728b)
Start importing Assets/Fantasy Skybox FREE/Panoramics/FS017/FS017_Sunrise.mat using Guid(39d27e80110a983468075fd1868610d7) Importer(815301076,1909f56bfc062723c751e8b465ee728b)  -> (artifact id: '643b8665fc71243c7ba921442d43bda4') in 0.094019 seconds 
========================================================================
Received Import Request.
  Time since last request: 0.000028 seconds.
  path: Assets/Fantasy Skybox FREE/Panoramics/FS017/FS017_Snowy.mat
  artifactKey: Guid(24d76106ebc1bd947a3fed862f899b82) Importer(815301076,1909f56bfc062723c751e8b465ee728b)
Start importing Assets/Fantasy Skybox FREE/Panoramics/FS017/FS017_Snowy.mat using Guid(24d76106ebc1bd947a3fed862f899b82) Importer(815301076,1909f56bfc062723c751e8b465ee728b)  -> (artifact id: '8a73b036cbab08148a686ca5c27ea363') in 0.059573 seconds 
========================================================================
Received Import Request.
  Time since last request: 0.000023 seconds.
  path: Assets/Fantasy Skybox FREE/Panoramics/FS003/FS003_Sunrise.mat
  artifactKey: Guid(023808db2bfa00d44929aa2176d29c76) Importer(815301076,1909f56bfc062723c751e8b465ee728b)
Start importing Assets/Fantasy Skybox FREE/Panoramics/FS003/FS003_Sunrise.mat using Guid(023808db2bfa00d44929aa2176d29c76) Importer(815301076,1909f56bfc062723c751e8b465ee728b)  -> (artifact id: 'c5d5c10ddbacceb8f356ac0d1aaf6bbb') in 0.079966 seconds 
========================================================================
Received Import Request.
  Time since last request: 0.000026 seconds.
  path: Assets/Fantasy Skybox FREE/Cubemaps/FS017/FS017_Snowy_Cubemap.mat
  artifactKey: Guid(b1026180dc7c2da46ae84254ddc371da) Importer(815301076,1909f56bfc062723c751e8b465ee728b)
Start importing Assets/Fantasy Skybox FREE/Cubemaps/FS017/FS017_Snowy_Cubemap.mat using Guid(b1026180dc7c2da46ae84254ddc371da) Importer(815301076,1909f56bfc062723c751e8b465ee728b)  -> (artifact id: 'eda8069dfccfeca7c07f10d8eb8a63c0') in 0.243936 seconds 
========================================================================
Received Import Request.
  Time since last request: 0.000030 seconds.
  path: Assets/Fantasy Skybox FREE/Panoramics/FS017/FS017_Sunset.mat
  artifactKey: Guid(aed657681c6812845bb7736c343b5e9b) Importer(815301076,1909f56bfc062723c751e8b465ee728b)
Start importing Assets/Fantasy Skybox FREE/Panoramics/FS017/FS017_Sunset.mat using Guid(aed657681c6812845bb7736c343b5e9b) Importer(815301076,1909f56bfc062723c751e8b465ee728b)  -> (artifact id: '8fab253ebb3ae51aa53a0007ba685588') in 0.072422 seconds 
========================================================================
Received Import Request.
  Time since last request: 0.000035 seconds.
  path: Assets/Fantasy Skybox FREE/Cubemaps/FS013/FS013_Rainy_Cubemap.mat
  artifactKey: Guid(d1894fa42f07f3a4c928395a7b849410) Importer(815301076,1909f56bfc062723c751e8b465ee728b)
Start importing Assets/Fantasy Skybox FREE/Cubemaps/FS013/FS013_Rainy_Cubemap.mat using Guid(d1894fa42f07f3a4c928395a7b849410) Importer(815301076,1909f56bfc062723c751e8b465ee728b)  -> (artifact id: '0bbc3ee2d5c427eba5a8084c2bdb5257') in 0.298602 seconds 
========================================================================
Received Import Request.
  Time since last request: 0.000025 seconds.
  path: Assets/Fantasy Skybox FREE/Panoramics/FS003/FS003_Sunset.mat
  artifactKey: Guid(6e00f8b39315691449f256740a5cb862) Importer(815301076,1909f56bfc062723c751e8b465ee728b)
Start importing Assets/Fantasy Skybox FREE/Panoramics/FS003/FS003_Sunset.mat using Guid(6e00f8b39315691449f256740a5cb862) Importer(815301076,1909f56bfc062723c751e8b465ee728b)  -> (artifact id: 'ca1dc37f3689bfda01937ca2f07ad4db') in 0.066931 seconds 
========================================================================
Received Import Request.
  Time since last request: 0.000043 seconds.
  path: Assets/Fantasy Skybox FREE/Cubemaps/FS017/FS017_Rainy_Cubemap.mat
  artifactKey: Guid(be04847ecd3774d468b7a7fffb971b9c) Importer(815301076,1909f56bfc062723c751e8b465ee728b)
Start importing Assets/Fantasy Skybox FREE/Cubemaps/FS017/FS017_Rainy_Cubemap.mat using Guid(be04847ecd3774d468b7a7fffb971b9c) Importer(815301076,1909f56bfc062723c751e8b465ee728b)  -> (artifact id: '840875387a5c08ef15bd88a819898ed1') in 0.248905 seconds 
========================================================================
Received Import Request.
  Time since last request: 0.000029 seconds.
  path: Assets/Fantasy Skybox FREE/Cubemaps/FS013/FS013_Day_Sunless_Cubemap.mat
  artifactKey: Guid(4daf60de510e93a4b82c4717c0cb4688) Importer(815301076,1909f56bfc062723c751e8b465ee728b)
Start importing Assets/Fantasy Skybox FREE/Cubemaps/FS013/FS013_Day_Sunless_Cubemap.mat using Guid(4daf60de510e93a4b82c4717c0cb4688) Importer(815301076,1909f56bfc062723c751e8b465ee728b)  -> (artifact id: 'e8db4749c95f9b2769c76fbea1477e72') in 0.247625 seconds 
========================================================================
Received Import Request.
  Time since last request: 0.000031 seconds.
  path: Assets/Fantasy Skybox FREE/Panoramics/FS017/FS017_Day_Sunless.mat
  artifactKey: Guid(416ee80c6a09f9b4fb43d9aa43f4a057) Importer(815301076,1909f56bfc062723c751e8b465ee728b)
Start importing Assets/Fantasy Skybox FREE/Panoramics/FS017/FS017_Day_Sunless.mat using Guid(416ee80c6a09f9b4fb43d9aa43f4a057) Importer(815301076,1909f56bfc062723c751e8b465ee728b)  -> (artifact id: 'db0c3d9feeace2bf175a4a4db6597ac8') in 0.110346 seconds 
========================================================================
Received Import Request.
  Time since last request: 0.000026 seconds.
  path: Assets/Fantasy Skybox FREE/Panoramics/FS003/FS003_Snowy.mat
  artifactKey: Guid(b141c8e4f6387ef45b13a68b10c88b7f) Importer(815301076,1909f56bfc062723c751e8b465ee728b)
Start importing Assets/Fantasy Skybox FREE/Panoramics/FS003/FS003_Snowy.mat using Guid(b141c8e4f6387ef45b13a68b10c88b7f) Importer(815301076,1909f56bfc062723c751e8b465ee728b)  -> (artifact id: 'a68ed5d3466b91671791cfcd11a38aa8') in 0.118618 seconds 
========================================================================
Received Import Request.
  Time since last request: 0.000027 seconds.
  path: Assets/Ground textures pack/Grass & rocks/Grass & rocks pattern.mat
  artifactKey: Guid(fedc75da63b32e249bccd7450cd29351) Importer(815301076,1909f56bfc062723c751e8b465ee728b)
Start importing Assets/Ground textures pack/Grass & rocks/Grass & rocks pattern.mat using Guid(fedc75da63b32e249bccd7450cd29351) Importer(815301076,1909f56bfc062723c751e8b465ee728b)  -> (artifact id: '56c13f047683770575a6aa245755136a') in 0.155177 seconds 
========================================================================
Received Import Request.
  Time since last request: 0.000030 seconds.
  path: Assets/Fantasy Skybox FREE/Cubemaps/FS013/FS013_Day_Cubemap.mat
  artifactKey: Guid(20e1111adc6498e499e72f734cde4793) Importer(815301076,1909f56bfc062723c751e8b465ee728b)
Start importing Assets/Fantasy Skybox FREE/Cubemaps/FS013/FS013_Day_Cubemap.mat using Guid(20e1111adc6498e499e72f734cde4793) Importer(815301076,1909f56bfc062723c751e8b465ee728b)  -> (artifact id: 'ee1c043ad42dc13d5790c429fc22abd0') in 0.241060 seconds 
========================================================================
Received Import Request.
  Time since last request: 0.000028 seconds.
  path: Assets/Fantasy Skybox FREE/Panoramics/FS013/FS013_Day_Sunless.mat
  artifactKey: Guid(97fca95f33987e548be9dd7c03cb1a96) Importer(815301076,1909f56bfc062723c751e8b465ee728b)
Start importing Assets/Fantasy Skybox FREE/Panoramics/FS013/FS013_Day_Sunless.mat using Guid(97fca95f33987e548be9dd7c03cb1a96) Importer(815301076,1909f56bfc062723c751e8b465ee728b)  -> (artifact id: '856afe024aed2d48e163010d1a7b50b8') in 0.085529 seconds 
========================================================================
Received Import Request.
  Time since last request: 0.000032 seconds.
  path: Assets/Fantasy Skybox FREE/Cubemaps/FS003/FS003_Rainy_Cubemap.mat
  artifactKey: Guid(85bdd529a7fbcc344b810462de0c2b46) Importer(815301076,1909f56bfc062723c751e8b465ee728b)
Start importing Assets/Fantasy Skybox FREE/Cubemaps/FS003/FS003_Rainy_Cubemap.mat using Guid(85bdd529a7fbcc344b810462de0c2b46) Importer(815301076,1909f56bfc062723c751e8b465ee728b)  -> (artifact id: 'd39dfdc513de7678d59f24579a1b96c1') in 0.279932 seconds 
========================================================================
Received Import Request.
  Time since last request: 0.000027 seconds.
  path: Assets/Fantasy Skybox FREE/Panoramics/FS017/FS017_Day.mat
  artifactKey: Guid(0d5771081eb9abb43b1792b52260d914) Importer(815301076,1909f56bfc062723c751e8b465ee728b)
Start importing Assets/Fantasy Skybox FREE/Panoramics/FS017/FS017_Day.mat using Guid(0d5771081eb9abb43b1792b52260d914) Importer(815301076,1909f56bfc062723c751e8b465ee728b)  -> (artifact id: '0eb15f83791864e2dea4053525ca46a4') in 0.073037 seconds 
========================================================================
Received Import Request.
  Time since last request: 0.000031 seconds.
  path: Assets/Fantasy Skybox FREE/Panoramics/FS013/FS013_Snowy.mat
  artifactKey: Guid(0e51b3d2f16325549987d8d6070de3a1) Importer(815301076,1909f56bfc062723c751e8b465ee728b)
Start importing Assets/Fantasy Skybox FREE/Panoramics/FS013/FS013_Snowy.mat using Guid(0e51b3d2f16325549987d8d6070de3a1) Importer(815301076,1909f56bfc062723c751e8b465ee728b)  -> (artifact id: '4a814234810aeb317159a5945ed67768') in 0.083622 seconds 
========================================================================
Received Import Request.
  Time since last request: 0.000025 seconds.
  path: Assets/Fantasy Skybox FREE/Cubemaps/FS017/FS017_Day_Sunless_Cubemap.mat
  artifactKey: Guid(0cd0203ab60f88f4db947a87b4f57cbd) Importer(815301076,1909f56bfc062723c751e8b465ee728b)
Start importing Assets/Fantasy Skybox FREE/Cubemaps/FS017/FS017_Day_Sunless_Cubemap.mat using Guid(0cd0203ab60f88f4db947a87b4f57cbd) Importer(815301076,1909f56bfc062723c751e8b465ee728b)  -> (artifact id: '8d524c6a51d7003142e49d44a4280cc0') in 0.266528 seconds 
========================================================================
Received Import Request.
  Time since last request: 0.000050 seconds.
  path: Assets/Ground textures pack/Grass 01/Grass pattern 01.mat
  artifactKey: Guid(2c6f5ab601d22834883d3c7e18f8be41) Importer(815301076,1909f56bfc062723c751e8b465ee728b)
Start importing Assets/Ground textures pack/Grass 01/Grass pattern 01.mat using Guid(2c6f5ab601d22834883d3c7e18f8be41) Importer(815301076,1909f56bfc062723c751e8b465ee728b)  -> (artifact id: 'f79bb19813aa9e1cdc875a7cf74fbaeb') in 0.186429 seconds 
========================================================================
Received Import Request.
  Time since last request: 0.000032 seconds.
  path: Assets/Ground textures pack/Grass 02/Grass pattern 02.mat
  artifactKey: Guid(15654a743eccf384fb2312048db767f0) Importer(815301076,1909f56bfc062723c751e8b465ee728b)
Start importing Assets/Ground textures pack/Grass 02/Grass pattern 02.mat using Guid(15654a743eccf384fb2312048db767f0) Importer(815301076,1909f56bfc062723c751e8b465ee728b)  -> (artifact id: '9e2472ccb8d89e6500a316d29678cc4e') in 0.115065 seconds 
========================================================================
Received Import Request.
  Time since last request: 0.254609 seconds.
  path: Assets/Ground textures pack/Grass 04/Grass pattern 04.mat
  artifactKey: Guid(059cceb0ba6e50741bfe6ec2c755d5f4) Importer(815301076,1909f56bfc062723c751e8b465ee728b)
Start importing Assets/Ground textures pack/Grass 04/Grass pattern 04.mat using Guid(059cceb0ba6e50741bfe6ec2c755d5f4) Importer(815301076,1909f56bfc062723c751e8b465ee728b)  -> (artifact id: 'a4e302c4ffd017a75e61015cb15fbc33') in 0.112165 seconds 
========================================================================
Received Import Request.
  Time since last request: 0.000025 seconds.
  path: Assets/Ground textures pack/Grass 05/Grass pattern 05.mat
  artifactKey: Guid(49c3c02661a83fd42b33859cfbf9a17d) Importer(815301076,1909f56bfc062723c751e8b465ee728b)
Start importing Assets/Ground textures pack/Grass 05/Grass pattern 05.mat using Guid(49c3c02661a83fd42b33859cfbf9a17d) Importer(815301076,1909f56bfc062723c751e8b465ee728b)  -> (artifact id: '1a335d69d60bf5fa38ca2a3a7b506f16') in 0.145910 seconds 
========================================================================
Received Import Request.
  Time since last request: 0.000040 seconds.
  path: Assets/Ground textures pack/Ground & weeds/Ground & weeds.mat
  artifactKey: Guid(5674184a87d87e54ca8047426601a57b) Importer(815301076,1909f56bfc062723c751e8b465ee728b)
Start importing Assets/Ground textures pack/Ground & weeds/Ground & weeds.mat using Guid(5674184a87d87e54ca8047426601a57b) Importer(815301076,1909f56bfc062723c751e8b465ee728b)  -> (artifact id: '182fa043d02b64c6217202b4b7f18958') in 0.122109 seconds 
========================================================================
Received Import Request.
  Time since last request: 0.000024 seconds.
  path: Assets/Ground textures pack/Ground 01/Ground pattern 01.mat
  artifactKey: Guid(748487d582b00d847bd57517f78d8e8f) Importer(815301076,1909f56bfc062723c751e8b465ee728b)
Start importing Assets/Ground textures pack/Ground 01/Ground pattern 01.mat using Guid(748487d582b00d847bd57517f78d8e8f) Importer(815301076,1909f56bfc062723c751e8b465ee728b)  -> (artifact id: '612fd18a8194abe536803b9c28be1cfc') in 0.209109 seconds 
========================================================================
Received Import Request.
  Time since last request: 0.000025 seconds.
  path: Assets/Ground textures pack/Ground & moss/Ground & moss pattern.mat
  artifactKey: Guid(5558b5711d37782468eeee5c2880e7d8) Importer(815301076,1909f56bfc062723c751e8b465ee728b)
Start importing Assets/Ground textures pack/Ground & moss/Ground & moss pattern.mat using Guid(5558b5711d37782468eeee5c2880e7d8) Importer(815301076,1909f56bfc062723c751e8b465ee728b)  -> (artifact id: '195e03057ac010674eadb7ed03783770') in 0.141897 seconds 
========================================================================
Received Import Request.
  Time since last request: 0.000036 seconds.
  path: Assets/Ground textures pack/Ground & rocks 02/Ground & rocks pattern 02.mat
  artifactKey: Guid(e7268e596932cb541834f57d320a4677) Importer(815301076,1909f56bfc062723c751e8b465ee728b)
Start importing Assets/Ground textures pack/Ground & rocks 02/Ground & rocks pattern 02.mat using Guid(e7268e596932cb541834f57d320a4677) Importer(815301076,1909f56bfc062723c751e8b465ee728b)  -> (artifact id: 'a63bd5ba01da0184143c5e6118d34357') in 0.127688 seconds 
========================================================================
Received Import Request.
  Time since last request: 0.000029 seconds.
  path: Assets/TextMesh Pro/Resources/Fonts & Materials/LiberationSans SDF - Fallback.asset
  artifactKey: Guid(2e498d1c8094910479dc3e1b768306a4) Importer(815301076,1909f56bfc062723c751e8b465ee728b)
Start importing Assets/TextMesh Pro/Resources/Fonts & Materials/LiberationSans SDF - Fallback.asset using Guid(2e498d1c8094910479dc3e1b768306a4) Importer(815301076,1909f56bfc062723c751e8b465ee728b)  -> (artifact id: '40ef7abf5ec6dcac6600c09b0e3d9e39') in 0.043568 seconds 
========================================================================
Received Import Request.
  Time since last request: 0.000022 seconds.
  path: Assets/Ground textures pack/Ground & rocks 01/Ground & rocks pattern 01.mat
  artifactKey: Guid(224de5a1c3ba5f948af30bd7826e4666) Importer(815301076,1909f56bfc062723c751e8b465ee728b)
Start importing Assets/Ground textures pack/Ground & rocks 01/Ground & rocks pattern 01.mat using Guid(224de5a1c3ba5f948af30bd7826e4666) Importer(815301076,1909f56bfc062723c751e8b465ee728b)  -> (artifact id: '33c06c8deb8211dc8c1349c99f1798a0') in 0.124934 seconds 
========================================================================
Received Import Request.
  Time since last request: 0.000024 seconds.
  path: Assets/Ground textures pack/Ground & rocks 03/Ground & rocks pattern 03.mat
  artifactKey: Guid(bce0cd8cdfffc2a41b798316325a24d2) Importer(815301076,1909f56bfc062723c751e8b465ee728b)
Start importing Assets/Ground textures pack/Ground & rocks 03/Ground & rocks pattern 03.mat using Guid(bce0cd8cdfffc2a41b798316325a24d2) Importer(815301076,1909f56bfc062723c751e8b465ee728b)  -> (artifact id: '0849530f64f05845b91bd1c90d0b8139') in 0.097477 seconds 
========================================================================
Received Import Request.
  Time since last request: 0.000042 seconds.
  path: Assets/Ground textures pack/Ground 02/Ground pattern 02.mat
  artifactKey: Guid(36508c771463abf43b7135d9539897e7) Importer(815301076,1909f56bfc062723c751e8b465ee728b)
Start importing Assets/Ground textures pack/Ground 02/Ground pattern 02.mat using Guid(36508c771463abf43b7135d9539897e7) Importer(815301076,1909f56bfc062723c751e8b465ee728b)  -> (artifact id: '84719d9f5432ece031bf38972c5035e7') in 0.090001 seconds 
========================================================================
Received Import Request.
  Time since last request: 0.000030 seconds.
  path: Assets/Ground textures pack/Grass 06/Grass pattern 06.mat
  artifactKey: Guid(9dccf2dcc78efe741b7931e3bb85beaf) Importer(815301076,1909f56bfc062723c751e8b465ee728b)
Start importing Assets/Ground textures pack/Grass 06/Grass pattern 06.mat using Guid(9dccf2dcc78efe741b7931e3bb85beaf) Importer(815301076,1909f56bfc062723c751e8b465ee728b)  -> (artifact id: 'b984671350cf6aaf65f5ccc4298bb195') in 0.127438 seconds 
========================================================================
Received Import Request.
  Time since last request: 1.014664 seconds.
  path: Assets/Thirdparty/Ciathyza/Gridbox Prototype Materials/Materials/HDRP/Prototype_512x512_Brown.mat
  artifactKey: Guid(bb9ba0197f6873943824ae7aade506c9) Importer(815301076,1909f56bfc062723c751e8b465ee728b)
Start importing Assets/Thirdparty/Ciathyza/Gridbox Prototype Materials/Materials/HDRP/Prototype_512x512_Brown.mat using Guid(bb9ba0197f6873943824ae7aade506c9) Importer(815301076,1909f56bfc062723c751e8b465ee728b)  -> (artifact id: 'cab332f786229e3cab745487ffd1aded') in 0.057194 seconds 
========================================================================
Received Import Request.
  Time since last request: 0.246283 seconds.
  path: Assets/Thirdparty/Ciathyza/Gridbox Prototype Materials/Materials/HDRP/Prototype_512x512_Cyan.mat
  artifactKey: Guid(853d20181ae88ba47b1084b10a15569b) Importer(815301076,1909f56bfc062723c751e8b465ee728b)
Start importing Assets/Thirdparty/Ciathyza/Gridbox Prototype Materials/Materials/HDRP/Prototype_512x512_Cyan.mat using Guid(853d20181ae88ba47b1084b10a15569b) Importer(815301076,1909f56bfc062723c751e8b465ee728b)  -> (artifact id: 'a5c62a8e2c3d7cf1f081e646b56b660d') in 0.045058 seconds 
========================================================================
Received Import Request.
  Time since last request: 1.298246 seconds.
  path: Assets/Thirdparty/Ciathyza/Gridbox Prototype Materials/Materials/HDRP/Prototype_512x512_Red.mat
  artifactKey: Guid(c61a55dba6ed64c4f8e865f32677062f) Importer(815301076,1909f56bfc062723c751e8b465ee728b)
Start importing Assets/Thirdparty/Ciathyza/Gridbox Prototype Materials/Materials/HDRP/Prototype_512x512_Red.mat using Guid(c61a55dba6ed64c4f8e865f32677062f) Importer(815301076,1909f56bfc062723c751e8b465ee728b)  -> (artifact id: 'c59ba663f93e0a1ee76589d44bd82a35') in 0.058249 seconds 
========================================================================
Received Import Request.
  Time since last request: 0.043678 seconds.
  path: Assets/Thirdparty/Ciathyza/Gridbox Prototype Materials/Materials/HDRP/Prototype_512x512_White.mat
  artifactKey: Guid(f904fac889ccd8d42b60ac1c11dc5f91) Importer(815301076,1909f56bfc062723c751e8b465ee728b)
Start importing Assets/Thirdparty/Ciathyza/Gridbox Prototype Materials/Materials/HDRP/Prototype_512x512_White.mat using Guid(f904fac889ccd8d42b60ac1c11dc5f91) Importer(815301076,1909f56bfc062723c751e8b465ee728b)  -> (artifact id: 'e6f1ab85c0523fb4019c3bb229fa518b') in 0.017142 seconds 
========================================================================
Received Import Request.
  Time since last request: 0.248190 seconds.
  path: Assets/Shift - Complete Sci-Fi UI/Fonts/Rajdhani-SemiBold SDF.asset
  artifactKey: Guid(581c047ed60765249b12f37ff2895497) Importer(815301076,1909f56bfc062723c751e8b465ee728b)
Start importing Assets/Shift - Complete Sci-Fi UI/Fonts/Rajdhani-SemiBold SDF.asset using Guid(581c047ed60765249b12f37ff2895497) Importer(815301076,1909f56bfc062723c751e8b465ee728b)  -> (artifact id: '7af7e6897bd750c0346fc75df9d7cbb7') in 0.039952 seconds 
========================================================================
Received Import Request.
  Time since last request: 31.399333 seconds.
  path: Assets/Scenes/MainMenu.unity
  artifactKey: Guid(d1d9e39c8acef8e498e5cb9ed012a17e) Importer(815301076,1909f56bfc062723c751e8b465ee728b)
Start importing Assets/Scenes/MainMenu.unity using Guid(d1d9e39c8acef8e498e5cb9ed012a17e) Importer(815301076,1909f56bfc062723c751e8b465ee728b)  -> (artifact id: '57c221f13dbf9db3cdf9b2f4f735df88') in 0.003745 seconds 
========================================================================
Received Prepare
Registering precompiled user dll's ...
Registered in 0.003130 seconds.
Begin MonoManager ReloadAssembly
Symbol file LoadedFromMemory is not a mono symbol file
Native extension for WindowsStandalone target not found
Refreshing native plugins compatible for Editor in 0.88 ms, found 2 plugins.
Preloading 0 native plugins for Editor in 0.00 ms.
Warning: Annotation not found!
UnityEngine.StackTraceUtility:ExtractStackTrace ()
UnityEditor.ProBuilder.EditorUtility:SetGizmoIconEnabled (System.Type,bool) (at Library/PackageCache/com.unity.probuilder@5.0.3/Editor/EditorCore/EditorUtility.cs:575)
UnityEditor.ProBuilder.HierarchyListener:.cctor () (at Library/PackageCache/com.unity.probuilder@5.0.3/Editor/EditorCore/HierarchyListener.cs:21)
System.Runtime.CompilerServices.RuntimeHelpers:RunClassConstructor (System.RuntimeTypeHandle)
UnityEditor.EditorAssemblies:ProcessInitializeOnLoadAttributes (System.Type[])

[Library/PackageCache/com.unity.probuilder@5.0.3/Editor/EditorCore/EditorUtility.cs line 575]

Mono: successfully reloaded assembly
- Completed reload, in  1.142 seconds
Domain Reload Profiling:
	ReloadAssembly (1142ms)
		BeginReloadAssembly (132ms)
			ExecutionOrderSort (0ms)
			DisableScriptedObjects (8ms)
			BackupInstance (0ms)
			ReleaseScriptingObjects (0ms)
			CreateAndSetChildDomain (36ms)
		EndReloadAssembly (920ms)
			LoadAssemblies (82ms)
			RebuildTransferFunctionScriptingTraits (0ms)
			SetupTypeCache (222ms)
			ReleaseScriptCaches (2ms)
			RebuildScriptCaches (53ms)
			SetupLoadedEditorAssemblies (482ms)
				LogAssemblyErrors (0ms)
				InitializePlatformSupportModulesInManaged (13ms)
				SetLoadedEditorAssemblies (1ms)
				RefreshPlugins (1ms)
				BeforeProcessingInitializeOnLoad (74ms)
				ProcessInitializeOnLoadAttributes (302ms)
				ProcessInitializeOnLoadMethodAttributes (88ms)
				AfterProcessingInitializeOnLoad (3ms)
				EditorAssembliesLoaded (0ms)
			ExecutionOrderSort2 (0ms)
			AwakeInstancesAfterBackupRestoration (14ms)
Platform modules already initialized, skipping
Refreshing native plugins compatible for Editor in 1.52 ms, found 2 plugins.
Preloading 0 native plugins for Editor in 0.00 ms.
Unloading 3806 Unused Serialized files (Serialized files now loaded: 0)
Unloading 22 unused Assets / (0.8 MB). Loaded Objects now: 4598.
Memory consumption went from 200.5 MB to 199.7 MB.
Total: 4.971300 ms (FindLiveObjects: 0.462700 ms CreateObjectMapping: 0.352000 ms MarkObjects: 3.730900 ms  DeleteObjects: 0.424200 ms)

AssetImportParameters requested are different than current active one (requested -> active):
  custom:video-decoder-ogg-theora: a1e56fd34408186e4bbccfd4996cb3dc -> 
  custom:container-muxer-webm: aa71ff27fc2769a1b78a27578f13a17b -> 
  custom:container-demuxer-webm: 4f35f7cbe854078d1ac9338744f61a02 -> 
  custom:video-encoder-webm-vp8: eb34c28f22e8b96e1ab97ce403110664 -> 
  custom:audio-encoder-webm-vorbis: bf7c407c2cedff20999df2af8eb42d56 -> 
  custom:framework-win-MediaFoundation: 216162199b28c13a410421893ffa2e32 -> 
  custom:container-demuxer-ogg: 62fdf1f143b41e24485cea50d1cbac27 -> 
  custom:video-decoder-webm-vp8: 9c59270c3fd7afecdb556c50c9e8de78 -> 
  custom:audio-decoder-ogg-vorbis: bf7c407c2cedff20999df2af8eb42d56 -> 
========================================================================
Received Prepare
Registering precompiled user dll's ...
Registered in 0.003670 seconds.
Begin MonoManager ReloadAssembly
Symbol file LoadedFromMemory is not a mono symbol file
Native extension for WindowsStandalone target not found
Refreshing native plugins compatible for Editor in 0.88 ms, found 2 plugins.
Preloading 0 native plugins for Editor in 0.00 ms.
Warning: Annotation not found!
UnityEngine.StackTraceUtility:ExtractStackTrace ()
UnityEditor.ProBuilder.EditorUtility:SetGizmoIconEnabled (System.Type,bool) (at Library/PackageCache/com.unity.probuilder@5.0.3/Editor/EditorCore/EditorUtility.cs:575)
UnityEditor.ProBuilder.HierarchyListener:.cctor () (at Library/PackageCache/com.unity.probuilder@5.0.3/Editor/EditorCore/HierarchyListener.cs:21)
System.Runtime.CompilerServices.RuntimeHelpers:RunClassConstructor (System.RuntimeTypeHandle)
UnityEditor.EditorAssemblies:ProcessInitializeOnLoadAttributes (System.Type[])

[Library/PackageCache/com.unity.probuilder@5.0.3/Editor/EditorCore/EditorUtility.cs line 575]

Mono: successfully reloaded assembly
- Completed reload, in  1.150 seconds
Domain Reload Profiling:
	ReloadAssembly (1151ms)
		BeginReloadAssembly (122ms)
			ExecutionOrderSort (0ms)
			DisableScriptedObjects (5ms)
			BackupInstance (0ms)
			ReleaseScriptingObjects (0ms)
			CreateAndSetChildDomain (32ms)
		EndReloadAssembly (938ms)
			LoadAssemblies (77ms)
			RebuildTransferFunctionScriptingTraits (0ms)
			SetupTypeCache (224ms)
			ReleaseScriptCaches (1ms)
			RebuildScriptCaches (49ms)
			SetupLoadedEditorAssemblies (501ms)
				LogAssemblyErrors (0ms)
				InitializePlatformSupportModulesInManaged (12ms)
				SetLoadedEditorAssemblies (1ms)
				RefreshPlugins (1ms)
				BeforeProcessingInitializeOnLoad (81ms)
				ProcessInitializeOnLoadAttributes (310ms)
				ProcessInitializeOnLoadMethodAttributes (93ms)
				AfterProcessingInitializeOnLoad (3ms)
				EditorAssembliesLoaded (0ms)
			ExecutionOrderSort2 (0ms)
			AwakeInstancesAfterBackupRestoration (14ms)
Platform modules already initialized, skipping
Refreshing native plugins compatible for Editor in 1.77 ms, found 2 plugins.
Preloading 0 native plugins for Editor in 0.00 ms.
Unloading 3806 Unused Serialized files (Serialized files now loaded: 0)
Unloading 21 unused Assets / (0.7 MB). Loaded Objects now: 4613.
Memory consumption went from 200.4 MB to 199.7 MB.
Total: 120.644700 ms (FindLiveObjects: 0.710200 ms CreateObjectMapping: 8.918000 ms MarkObjects: 108.959600 ms  DeleteObjects: 2.055000 ms)

AssetImportParameters requested are different than current active one (requested -> active):
  custom:video-decoder-ogg-theora: a1e56fd34408186e4bbccfd4996cb3dc -> 
  custom:container-muxer-webm: aa71ff27fc2769a1b78a27578f13a17b -> 
  custom:container-demuxer-webm: 4f35f7cbe854078d1ac9338744f61a02 -> 
  custom:video-encoder-webm-vp8: eb34c28f22e8b96e1ab97ce403110664 -> 
  custom:audio-encoder-webm-vorbis: bf7c407c2cedff20999df2af8eb42d56 -> 
  custom:framework-win-MediaFoundation: 216162199b28c13a410421893ffa2e32 -> 
  custom:container-demuxer-ogg: 62fdf1f143b41e24485cea50d1cbac27 -> 
  custom:video-decoder-webm-vp8: 9c59270c3fd7afecdb556c50c9e8de78 -> 
  custom:audio-decoder-ogg-vorbis: bf7c407c2cedff20999df2af8eb42d56 -> 
========================================================================
Received Import Request.
  Time since last request: 65.892089 seconds.
  path: Assets/Scenes/WiP.unity
  artifactKey: Guid(9fc0d4010bbf28b4594072e72b8655ab) Importer(815301076,1909f56bfc062723c751e8b465ee728b)
Start importing Assets/Scenes/WiP.unity using Guid(9fc0d4010bbf28b4594072e72b8655ab) Importer(815301076,1909f56bfc062723c751e8b465ee728b)  -> (artifact id: '582dd2e0e0b49e06f0b9e637008c7d78') in 0.008964 seconds 
========================================================================
Received Import Request.
  Time since last request: 17.217319 seconds.
  path: Assets/Scenes/MainMenu.unity
  artifactKey: Guid(d1d9e39c8acef8e498e5cb9ed012a17e) Importer(815301076,1909f56bfc062723c751e8b465ee728b)
Start importing Assets/Scenes/MainMenu.unity using Guid(d1d9e39c8acef8e498e5cb9ed012a17e) Importer(815301076,1909f56bfc062723c751e8b465ee728b)  -> (artifact id: '70682855177dea389777a55df975dcc8') in 0.001473 seconds 
========================================================================
Received Prepare
Registering precompiled user dll's ...
Registered in 0.003110 seconds.
Begin MonoManager ReloadAssembly
Symbol file LoadedFromMemory is not a mono symbol file
Native extension for WindowsStandalone target not found
Refreshing native plugins compatible for Editor in 0.90 ms, found 2 plugins.
Preloading 0 native plugins for Editor in 0.00 ms.
Warning: Annotation not found!
UnityEngine.StackTraceUtility:ExtractStackTrace ()
UnityEditor.ProBuilder.EditorUtility:SetGizmoIconEnabled (System.Type,bool) (at Library/PackageCache/com.unity.probuilder@5.0.3/Editor/EditorCore/EditorUtility.cs:575)
UnityEditor.ProBuilder.HierarchyListener:.cctor () (at Library/PackageCache/com.unity.probuilder@5.0.3/Editor/EditorCore/HierarchyListener.cs:21)
System.Runtime.CompilerServices.RuntimeHelpers:RunClassConstructor (System.RuntimeTypeHandle)
UnityEditor.EditorAssemblies:ProcessInitializeOnLoadAttributes (System.Type[])

[Library/PackageCache/com.unity.probuilder@5.0.3/Editor/EditorCore/EditorUtility.cs line 575]

Mono: successfully reloaded assembly
- Completed reload, in  1.124 seconds
Domain Reload Profiling:
	ReloadAssembly (1125ms)
		BeginReloadAssembly (121ms)
			ExecutionOrderSort (0ms)
			DisableScriptedObjects (5ms)
			BackupInstance (0ms)
			ReleaseScriptingObjects (0ms)
			CreateAndSetChildDomain (30ms)
		EndReloadAssembly (916ms)
			LoadAssemblies (79ms)
			RebuildTransferFunctionScriptingTraits (0ms)
			SetupTypeCache (227ms)
			ReleaseScriptCaches (2ms)
			RebuildScriptCaches (47ms)
			SetupLoadedEditorAssemblies (480ms)
				LogAssemblyErrors (0ms)
				InitializePlatformSupportModulesInManaged (12ms)
				SetLoadedEditorAssemblies (1ms)
				RefreshPlugins (1ms)
				BeforeProcessingInitializeOnLoad (72ms)
				ProcessInitializeOnLoadAttributes (303ms)
				ProcessInitializeOnLoadMethodAttributes (88ms)
				AfterProcessingInitializeOnLoad (3ms)
				EditorAssembliesLoaded (0ms)
			ExecutionOrderSort2 (0ms)
			AwakeInstancesAfterBackupRestoration (15ms)
Platform modules already initialized, skipping
Refreshing native plugins compatible for Editor in 1.80 ms, found 2 plugins.
Preloading 0 native plugins for Editor in 0.00 ms.
Unloading 3806 Unused Serialized files (Serialized files now loaded: 0)
Unloading 21 unused Assets / (0.7 MB). Loaded Objects now: 4628.
Memory consumption went from 200.4 MB to 199.7 MB.
Total: 5.823500 ms (FindLiveObjects: 0.393500 ms CreateObjectMapping: 0.431200 ms MarkObjects: 4.478500 ms  DeleteObjects: 0.518800 ms)

AssetImportParameters requested are different than current active one (requested -> active):
  custom:video-decoder-ogg-theora: a1e56fd34408186e4bbccfd4996cb3dc -> 
  custom:container-muxer-webm: aa71ff27fc2769a1b78a27578f13a17b -> 
  custom:container-demuxer-webm: 4f35f7cbe854078d1ac9338744f61a02 -> 
  custom:video-encoder-webm-vp8: eb34c28f22e8b96e1ab97ce403110664 -> 
  custom:audio-encoder-webm-vorbis: bf7c407c2cedff20999df2af8eb42d56 -> 
  custom:framework-win-MediaFoundation: 216162199b28c13a410421893ffa2e32 -> 
  custom:container-demuxer-ogg: 62fdf1f143b41e24485cea50d1cbac27 -> 
  custom:video-decoder-webm-vp8: 9c59270c3fd7afecdb556c50c9e8de78 -> 
  custom:audio-decoder-ogg-vorbis: bf7c407c2cedff20999df2af8eb42d56 -> 
========================================================================
Received Import Request.
  Time since last request: 19.282516 seconds.
  path: Assets/Scenes/WiP.unity
  artifactKey: Guid(9fc0d4010bbf28b4594072e72b8655ab) Importer(815301076,1909f56bfc062723c751e8b465ee728b)
Start importing Assets/Scenes/WiP.unity using Guid(9fc0d4010bbf28b4594072e72b8655ab) Importer(815301076,1909f56bfc062723c751e8b465ee728b)  -> (artifact id: 'e6dcc5b7c26f15581275d36466defb24') in 0.007528 seconds 
========================================================================
Received Prepare
Registering precompiled user dll's ...
Registered in 0.003334 seconds.
Begin MonoManager ReloadAssembly
Symbol file LoadedFromMemory is not a mono symbol file
Native extension for WindowsStandalone target not found
Refreshing native plugins compatible for Editor in 0.90 ms, found 2 plugins.
Preloading 0 native plugins for Editor in 0.00 ms.
Warning: Annotation not found!
UnityEngine.StackTraceUtility:ExtractStackTrace ()
UnityEditor.ProBuilder.EditorUtility:SetGizmoIconEnabled (System.Type,bool) (at Library/PackageCache/com.unity.probuilder@5.0.3/Editor/EditorCore/EditorUtility.cs:575)
UnityEditor.ProBuilder.HierarchyListener:.cctor () (at Library/PackageCache/com.unity.probuilder@5.0.3/Editor/EditorCore/HierarchyListener.cs:21)
System.Runtime.CompilerServices.RuntimeHelpers:RunClassConstructor (System.RuntimeTypeHandle)
UnityEditor.EditorAssemblies:ProcessInitializeOnLoadAttributes (System.Type[])

[Library/PackageCache/com.unity.probuilder@5.0.3/Editor/EditorCore/EditorUtility.cs line 575]

Mono: successfully reloaded assembly
- Completed reload, in  1.127 seconds
Domain Reload Profiling:
	ReloadAssembly (1128ms)
		BeginReloadAssembly (125ms)
			ExecutionOrderSort (0ms)
			DisableScriptedObjects (5ms)
			BackupInstance (0ms)
			ReleaseScriptingObjects (0ms)
			CreateAndSetChildDomain (34ms)
		EndReloadAssembly (913ms)
			LoadAssemblies (81ms)
			RebuildTransferFunctionScriptingTraits (0ms)
			SetupTypeCache (216ms)
			ReleaseScriptCaches (1ms)
			RebuildScriptCaches (48ms)
			SetupLoadedEditorAssemblies (488ms)
				LogAssemblyErrors (0ms)
				InitializePlatformSupportModulesInManaged (12ms)
				SetLoadedEditorAssemblies (0ms)
				RefreshPlugins (1ms)
				BeforeProcessingInitializeOnLoad (73ms)
				ProcessInitializeOnLoadAttributes (309ms)
				ProcessInitializeOnLoadMethodAttributes (89ms)
				AfterProcessingInitializeOnLoad (3ms)
				EditorAssembliesLoaded (0ms)
			ExecutionOrderSort2 (0ms)
			AwakeInstancesAfterBackupRestoration (14ms)
Platform modules already initialized, skipping
Refreshing native plugins compatible for Editor in 1.98 ms, found 2 plugins.
Preloading 0 native plugins for Editor in 0.00 ms.
Unloading 3806 Unused Serialized files (Serialized files now loaded: 0)
Unloading 21 unused Assets / (0.7 MB). Loaded Objects now: 4643.
Memory consumption went from 200.4 MB to 199.7 MB.
Total: 5.553400 ms (FindLiveObjects: 0.604200 ms CreateObjectMapping: 0.428900 ms MarkObjects: 3.831100 ms  DeleteObjects: 0.687700 ms)

AssetImportParameters requested are different than current active one (requested -> active):
  custom:video-decoder-ogg-theora: a1e56fd34408186e4bbccfd4996cb3dc -> 
  custom:container-muxer-webm: aa71ff27fc2769a1b78a27578f13a17b -> 
  custom:container-demuxer-webm: 4f35f7cbe854078d1ac9338744f61a02 -> 
  custom:video-encoder-webm-vp8: eb34c28f22e8b96e1ab97ce403110664 -> 
  custom:audio-encoder-webm-vorbis: bf7c407c2cedff20999df2af8eb42d56 -> 
  custom:framework-win-MediaFoundation: 216162199b28c13a410421893ffa2e32 -> 
  custom:container-demuxer-ogg: 62fdf1f143b41e24485cea50d1cbac27 -> 
  custom:video-decoder-webm-vp8: 9c59270c3fd7afecdb556c50c9e8de78 -> 
  custom:audio-decoder-ogg-vorbis: bf7c407c2cedff20999df2af8eb42d56 -> 
========================================================================
Received Prepare
Registering precompiled user dll's ...
Registered in 0.003599 seconds.
Begin MonoManager ReloadAssembly
Symbol file LoadedFromMemory is not a mono symbol file
Native extension for WindowsStandalone target not found
Refreshing native plugins compatible for Editor in 0.88 ms, found 2 plugins.
Preloading 0 native plugins for Editor in 0.00 ms.
Warning: Annotation not found!
UnityEngine.StackTraceUtility:ExtractStackTrace ()
UnityEditor.ProBuilder.EditorUtility:SetGizmoIconEnabled (System.Type,bool) (at Library/PackageCache/com.unity.probuilder@5.0.3/Editor/EditorCore/EditorUtility.cs:575)
UnityEditor.ProBuilder.HierarchyListener:.cctor () (at Library/PackageCache/com.unity.probuilder@5.0.3/Editor/EditorCore/HierarchyListener.cs:21)
System.Runtime.CompilerServices.RuntimeHelpers:RunClassConstructor (System.RuntimeTypeHandle)
UnityEditor.EditorAssemblies:ProcessInitializeOnLoadAttributes (System.Type[])

[Library/PackageCache/com.unity.probuilder@5.0.3/Editor/EditorCore/EditorUtility.cs line 575]

Mono: successfully reloaded assembly
- Completed reload, in  1.278 seconds
Domain Reload Profiling:
	ReloadAssembly (1279ms)
		BeginReloadAssembly (129ms)
			ExecutionOrderSort (0ms)
			DisableScriptedObjects (5ms)
			BackupInstance (0ms)
			ReleaseScriptingObjects (0ms)
			CreateAndSetChildDomain (35ms)
		EndReloadAssembly (1058ms)
			LoadAssemblies (86ms)
			RebuildTransferFunctionScriptingTraits (0ms)
			SetupTypeCache (235ms)
			ReleaseScriptCaches (2ms)
			RebuildScriptCaches (64ms)
			SetupLoadedEditorAssemblies (555ms)
				LogAssemblyErrors (0ms)
				InitializePlatformSupportModulesInManaged (13ms)
				SetLoadedEditorAssemblies (1ms)
				RefreshPlugins (1ms)
				BeforeProcessingInitializeOnLoad (79ms)
				ProcessInitializeOnLoadAttributes (339ms)
				ProcessInitializeOnLoadMethodAttributes (119ms)
				AfterProcessingInitializeOnLoad (4ms)
				EditorAssembliesLoaded (0ms)
			ExecutionOrderSort2 (0ms)
			AwakeInstancesAfterBackupRestoration (16ms)
Platform modules already initialized, skipping
Refreshing native plugins compatible for Editor in 13.13 ms, found 2 plugins.
Preloading 0 native plugins for Editor in 0.00 ms.
Unloading 3806 Unused Serialized files (Serialized files now loaded: 0)
Unloading 21 unused Assets / (0.7 MB). Loaded Objects now: 4658.
Memory consumption went from 200.5 MB to 199.7 MB.
Total: 7.138600 ms (FindLiveObjects: 0.491100 ms CreateObjectMapping: 0.306900 ms MarkObjects: 4.674600 ms  DeleteObjects: 1.664500 ms)

AssetImportParameters requested are different than current active one (requested -> active):
  custom:video-decoder-ogg-theora: a1e56fd34408186e4bbccfd4996cb3dc -> 
  custom:container-muxer-webm: aa71ff27fc2769a1b78a27578f13a17b -> 
  custom:container-demuxer-webm: 4f35f7cbe854078d1ac9338744f61a02 -> 
  custom:video-encoder-webm-vp8: eb34c28f22e8b96e1ab97ce403110664 -> 
  custom:audio-encoder-webm-vorbis: bf7c407c2cedff20999df2af8eb42d56 -> 
  custom:framework-win-MediaFoundation: 216162199b28c13a410421893ffa2e32 -> 
  custom:container-demuxer-ogg: 62fdf1f143b41e24485cea50d1cbac27 -> 
  custom:video-decoder-webm-vp8: 9c59270c3fd7afecdb556c50c9e8de78 -> 
  custom:audio-decoder-ogg-vorbis: bf7c407c2cedff20999df2af8eb42d56 -> 
========================================================================
Received Import Request.
  Time since last request: 3332.991280 seconds.
  path: Assets/Scenes/Freeroam.unity
  artifactKey: Guid(90d285af344bc174e9f220811ea56ff8) Importer(815301076,1909f56bfc062723c751e8b465ee728b)
Start importing Assets/Scenes/Freeroam.unity using Guid(90d285af344bc174e9f220811ea56ff8) Importer(815301076,1909f56bfc062723c751e8b465ee728b)  -> (artifact id: '1b2797e1a9b067cdc7f9fe21f3ca77fe') in 0.035167 seconds 
========================================================================
Received Import Request.
  Time since last request: 13.899462 seconds.
  path: Assets/Scenes/Title.unity
  artifactKey: Guid(997b1b1651ae8064eaf19e706e28ad3c) Importer(815301076,1909f56bfc062723c751e8b465ee728b)
Start importing Assets/Scenes/Title.unity using Guid(997b1b1651ae8064eaf19e706e28ad3c) Importer(815301076,1909f56bfc062723c751e8b465ee728b)  -> (artifact id: '2b533235c60171e83ac65c8542bee251') in 0.002869 seconds 
========================================================================
Received Import Request.
  Time since last request: 6.875809 seconds.
  path: Assets/Scenes/WiP.unity
  artifactKey: Guid(9fc0d4010bbf28b4594072e72b8655ab) Importer(815301076,1909f56bfc062723c751e8b465ee728b)
Start importing Assets/Scenes/WiP.unity using Guid(9fc0d4010bbf28b4594072e72b8655ab) Importer(815301076,1909f56bfc062723c751e8b465ee728b)  -> (artifact id: '5da3736aa1a75e3a60d5891f49c12f9f') in 0.001740 seconds 
========================================================================
Received Prepare
Refreshing native plugins compatible for Editor in 4.79 ms, found 2 plugins.
Preloading 0 native plugins for Editor in 0.00 ms.
Unloading 21 Unused Serialized files (Serialized files now loaded: 0)
Unloading 21 unused Assets / (0.7 MB). Loaded Objects now: 4658.
Memory consumption went from 123.2 MB to 122.4 MB.
Total: 13.042300 ms (FindLiveObjects: 1.396800 ms CreateObjectMapping: 0.636900 ms MarkObjects: 10.487800 ms  DeleteObjects: 0.519600 ms)

AssetImportParameters requested are different than current active one (requested -> active):
  custom:video-decoder-ogg-theora: a1e56fd34408186e4bbccfd4996cb3dc -> 
  custom:container-muxer-webm: aa71ff27fc2769a1b78a27578f13a17b -> 
  custom:container-demuxer-webm: 4f35f7cbe854078d1ac9338744f61a02 -> 
  custom:video-encoder-webm-vp8: eb34c28f22e8b96e1ab97ce403110664 -> 
  custom:audio-encoder-webm-vorbis: bf7c407c2cedff20999df2af8eb42d56 -> 
  custom:framework-win-MediaFoundation: 216162199b28c13a410421893ffa2e32 -> 
  custom:container-demuxer-ogg: 62fdf1f143b41e24485cea50d1cbac27 -> 
  custom:video-decoder-webm-vp8: 9c59270c3fd7afecdb556c50c9e8de78 -> 
  custom:audio-decoder-ogg-vorbis: bf7c407c2cedff20999df2af8eb42d56 -> 
